<?xml version="1.0" encoding="UTF-8"?>
<!-- Generated by org.testng.reporters.JUnitXMLReporter -->
<testsuite ignored="0" hostname="LAPTOP-OHJTUH5R" failures="0" tests="4" name="TestCycle1" time="15.305" errors="0" timestamp="2023-11-14T12:08:49 IST">
  <testcase classname="com.app.TestNGScripts.ParallelTestDemo" name="wikiPage1" time="8.87"/>
  <testcase classname="com.app.TestNGScripts.ParallelTestDemo" name="wikiPage2" time="8.893"/>
  <testcase classname="com.app.TestNGScripts.ParallelTestDemo" name="ninjaPage2" time="6.226"/>
  <testcase classname="com.app.TestNGScripts.ParallelTestDemo" name="ninjaPage1" time="6.327"/>
</testsuite> <!-- TestCycle1 -->
