<?xml version="1.0" encoding="UTF-8"?>
<testng-results ignored="3" total="7" passed="4" failed="0" skipped="0">
  <reporter-output>
  </reporter-output>
  <suite started-at="2023-11-16T15:46:46 IST" name="test1" finished-at="2023-11-16T15:49:00 IST" duration-ms="133818">
    <groups>
    </groups>
    <test started-at="2023-11-16T15:46:46 IST" name="POMFramework" finished-at="2023-11-16T15:49:00 IST" duration-ms="133818">
      <class name="com.ninjademo.qa.TestPages.HomePageTest">
        <test-method is-config="true" signature="InitalizeExtentReport()[pri:0, instance:com.ninjademo.qa.TestPages.HomePageTest@d9345cd]" started-at="2023-11-16T15:46:43 IST" name="InitalizeExtentReport" finished-at="2023-11-16T15:46:46 IST" duration-ms="2547" status="PASS">
          <reporter-output>
          </reporter-output>
        </test-method> <!-- InitalizeExtentReport -->
        <test-method is-config="true" signature="getnameMethod(org.testng.ITestContext)[pri:0, instance:com.ninjademo.qa.TestPages.HomePageTest@d9345cd]" started-at="2023-11-16T15:46:46 IST" name="getnameMethod" finished-at="2023-11-16T15:46:46 IST" duration-ms="47" status="PASS">
          <params>
            <param index="0">
              <value>
                <![CDATA[org.testng.TestRunner@6075b369]]>
              </value>
            </param>
          </params>
          <reporter-output>
          </reporter-output>
        </test-method> <!-- getnameMethod -->
        <test-method is-config="true" signature="OpenApp()[pri:0, instance:com.ninjademo.qa.TestPages.HomePageTest@d9345cd]" started-at="2023-11-16T15:46:46 IST" name="OpenApp" finished-at="2023-11-16T15:47:19 IST" duration-ms="33005" status="PASS">
          <reporter-output>
          </reporter-output>
        </test-method> <!-- OpenApp -->
        <test-method signature="clickOnRegisterPage()[pri:49, instance:com.ninjademo.qa.TestPages.HomePageTest@d9345cd]" started-at="2023-11-16T15:47:19 IST" name="clickOnRegisterPage" finished-at="2023-11-16T15:47:26 IST" duration-ms="7426" status="PASS">
          <reporter-output>
          </reporter-output>
        </test-method> <!-- clickOnRegisterPage -->
        <test-method is-config="true" signature="generateTestStatus(java.lang.reflect.Method,org.testng.ITestResult)[pri:0, instance:com.ninjademo.qa.TestPages.HomePageTest@d9345cd]" started-at="2023-11-16T15:47:26 IST" name="generateTestStatus" finished-at="2023-11-16T15:47:26 IST" duration-ms="9" status="PASS">
          <params>
            <param index="0">
              <value>
                <![CDATA[public void com.ninjademo.qa.TestPages.HomePageTest.clickOnRegisterPage() throws java.lang.InterruptedException]]>
              </value>
            </param>
            <param index="1">
              <value>
                <![CDATA[[TestResult name=clickOnRegisterPage status=SUCCESS method=HomePageTest.clickOnRegisterPage()[pri:49, instance:com.ninjademo.qa.TestPages.HomePageTest@d9345cd] output={null}]]]>
              </value>
            </param>
          </params>
          <reporter-output>
          </reporter-output>
        </test-method> <!-- generateTestStatus -->
        <test-method signature="clickOnLogin()[pri:50, instance:com.ninjademo.qa.TestPages.HomePageTest@d9345cd]" started-at="2023-11-16T15:47:26 IST" name="clickOnLogin" finished-at="2023-11-16T15:47:41 IST" duration-ms="14100" status="PASS">
          <reporter-output>
          </reporter-output>
        </test-method> <!-- clickOnLogin -->
        <test-method is-config="true" signature="generateTestStatus(java.lang.reflect.Method,org.testng.ITestResult)[pri:0, instance:com.ninjademo.qa.TestPages.HomePageTest@d9345cd]" started-at="2023-11-16T15:47:41 IST" name="generateTestStatus" finished-at="2023-11-16T15:47:41 IST" duration-ms="1" status="PASS">
          <params>
            <param index="0">
              <value>
                <![CDATA[public void com.ninjademo.qa.TestPages.HomePageTest.clickOnLogin() throws java.lang.InterruptedException]]>
              </value>
            </param>
            <param index="1">
              <value>
                <![CDATA[[TestResult name=clickOnLogin status=SUCCESS method=HomePageTest.clickOnLogin()[pri:50, instance:com.ninjademo.qa.TestPages.HomePageTest@d9345cd] output={null}]]]>
              </value>
            </param>
          </params>
          <reporter-output>
          </reporter-output>
        </test-method> <!-- generateTestStatus -->
        <test-method is-config="true" signature="CloseApp()[pri:0, instance:com.ninjademo.qa.TestPages.HomePageTest@d9345cd]" started-at="2023-11-16T15:47:41 IST" name="CloseApp" finished-at="2023-11-16T15:47:41 IST" duration-ms="420" status="PASS">
          <reporter-output>
          </reporter-output>
        </test-method> <!-- CloseApp -->
        <test-method is-config="true" signature="generateReports()[pri:0, instance:com.ninjademo.qa.TestPages.HomePageTest@d9345cd]" started-at="2023-11-16T15:49:00 IST" name="generateReports" finished-at="2023-11-16T15:49:11 IST" duration-ms="11224" status="PASS">
          <reporter-output>
          </reporter-output>
        </test-method> <!-- generateReports -->
      </class> <!-- com.ninjademo.qa.TestPages.HomePageTest -->
      <class name="com.ninjademo.qa.TestPages.TestRegisterPage">
        <test-method is-config="true" signature="openApplication()[pri:0, instance:com.ninjademo.qa.TestPages.TestRegisterPage@506ae4d4]" started-at="2023-11-16T15:47:45 IST" name="openApplication" finished-at="2023-11-16T15:47:57 IST" duration-ms="12711" status="PASS">
          <reporter-output>
          </reporter-output>
        </test-method> <!-- openApplication -->
        <test-method signature="RegisterUser(java.lang.String,java.lang.String,java.lang.String,java.lang.String,java.lang.String,java.lang.String)[pri:49, instance:com.ninjademo.qa.TestPages.TestRegisterPage@506ae4d4]" started-at="2023-11-16T15:47:57 IST" name="RegisterUser" data-provider="testdata" finished-at="2023-11-16T15:48:08 IST" duration-ms="11057" status="PASS">
          <params>
            <param index="0">
              <value>
                <![CDATA[demo]]>
              </value>
            </param>
            <param index="1">
              <value>
                <![CDATA[user12345]]>
              </value>
            </param>
            <param index="2">
              <value>
                <![CDATA[demouser12345@gmail.com]]>
              </value>
            </param>
            <param index="3">
              <value>
                <![CDATA[2.345678912E7]]>
              </value>
            </param>
            <param index="4">
              <value>
                <![CDATA[demouser1]]>
              </value>
            </param>
            <param index="5">
              <value>
                <![CDATA[demouser1]]>
              </value>
            </param>
          </params>
          <reporter-output>
          </reporter-output>
        </test-method> <!-- RegisterUser -->
        <test-method is-config="true" signature="generateTestStatus(java.lang.reflect.Method,org.testng.ITestResult)[pri:0, instance:com.ninjademo.qa.TestPages.TestRegisterPage@506ae4d4]" started-at="2023-11-16T15:48:08 IST" name="generateTestStatus" finished-at="2023-11-16T15:48:08 IST" duration-ms="1" status="PASS">
          <params>
            <param index="0">
              <value>
                <![CDATA[public void com.ninjademo.qa.TestPages.TestRegisterPage.RegisterUser(java.lang.String,java.lang.String,java.lang.String,java.lang.String,java.lang.String,java.lang.String)]]>
              </value>
            </param>
            <param index="1">
              <value>
                <![CDATA[[TestResult name=RegisterUser status=SUCCESS method=TestRegisterPage.RegisterUser(java.lang.String,java.lang.String,java.lang.String,java.lang.String,java.lang.String,java.lang.String)[pri:49, instance:com.ninjademo.qa.TestPages.TestRegisterPage@506ae4d4] output={null}]]]>
              </value>
            </param>
          </params>
          <reporter-output>
          </reporter-output>
        </test-method> <!-- generateTestStatus -->
        <test-method is-config="true" signature="openApplication()[pri:0, instance:com.ninjademo.qa.TestPages.TestRegisterPage@506ae4d4]" started-at="2023-11-16T15:48:08 IST" name="openApplication" finished-at="2023-11-16T15:48:33 IST" duration-ms="24374" status="PASS">
          <reporter-output>
          </reporter-output>
        </test-method> <!-- openApplication -->
        <test-method signature="RegisterUser(java.lang.String,java.lang.String,java.lang.String,java.lang.String,java.lang.String,java.lang.String)[pri:49, instance:com.ninjademo.qa.TestPages.TestRegisterPage@506ae4d4]" started-at="2023-11-16T15:48:33 IST" name="RegisterUser" data-provider="testdata" finished-at="2023-11-16T15:49:00 IST" duration-ms="26926" status="PASS">
          <params>
            <param index="0">
              <value>
                <![CDATA[demo]]>
              </value>
            </param>
            <param index="1">
              <value>
                <![CDATA[user2345]]>
              </value>
            </param>
            <param index="2">
              <value>
                <![CDATA[demouser2345@gmail.com]]>
              </value>
            </param>
            <param index="3">
              <value>
                <![CDATA[5.678934556E7]]>
              </value>
            </param>
            <param index="4">
              <value>
                <![CDATA[demouser2]]>
              </value>
            </param>
            <param index="5">
              <value>
                <![CDATA[demouser2]]>
              </value>
            </param>
          </params>
          <reporter-output>
          </reporter-output>
        </test-method> <!-- RegisterUser -->
        <test-method is-config="true" signature="generateTestStatus(java.lang.reflect.Method,org.testng.ITestResult)[pri:0, instance:com.ninjademo.qa.TestPages.TestRegisterPage@506ae4d4]" started-at="2023-11-16T15:49:00 IST" name="generateTestStatus" finished-at="2023-11-16T15:49:00 IST" duration-ms="4" status="PASS">
          <params>
            <param index="0">
              <value>
                <![CDATA[public void com.ninjademo.qa.TestPages.TestRegisterPage.RegisterUser(java.lang.String,java.lang.String,java.lang.String,java.lang.String,java.lang.String,java.lang.String)]]>
              </value>
            </param>
            <param index="1">
              <value>
                <![CDATA[[TestResult name=RegisterUser status=SUCCESS method=TestRegisterPage.RegisterUser(java.lang.String,java.lang.String,java.lang.String,java.lang.String,java.lang.String,java.lang.String)[pri:49, instance:com.ninjademo.qa.TestPages.TestRegisterPage@506ae4d4] output={null}]]]>
              </value>
            </param>
          </params>
          <reporter-output>
          </reporter-output>
        </test-method> <!-- generateTestStatus -->
      </class> <!-- com.ninjademo.qa.TestPages.TestRegisterPage -->
    </test> <!-- POMFramework -->
  </suite> <!-- test1 -->
</testng-results>
