<?xml version="1.0" encoding="UTF-8"?>
<!-- Generated by org.testng.reporters.JUnitXMLReporter -->
<testsuite ignored="3" hostname="LAPTOP-OHJTUH5R" failures="0" tests="6" name="AllTestingwithExcludeSmokeTestCases" time="0.072" errors="0" timestamp="2023-11-14T11:18:41 IST">
  <testcase classname="TestScenario.Sample1" name="loginSample1" time="0.003"/>
  <testcase classname="TestScenario.Sample1" name="loginWithInvalidData" time="0.004"/>
  <testcase classname="TestScenario.Sample1" name="loginWithWrongPassword" time="0.006"/>
  <testcase classname="TestScenario.Sample2" name="login" time="0.003"/>
  <testcase classname="TestScenario.Sample2" name="Accounts" time="0.002"/>
  <testcase classname="TestScenario.Sample2" name="createAccounts" time="0.002"/>
  <testcase classname="TestScenario.Sample1" name="openapp" time="0.0">
    <ignored/>
  </testcase> <!-- openapp -->
  <testcase classname="TestScenario.Sample2" name="opentheAccountPage" time="0.0">
    <ignored/>
  </testcase> <!-- opentheAccountPage -->
  <testcase classname="TestScenario.Sample2" name="Logout" time="0.0">
    <ignored/>
  </testcase> <!-- Logout -->
</testsuite> <!-- AllTestingwithExcludeSmokeTestCases -->
