<?xml version="1.0" encoding="UTF-8"?>
<!-- Generated by org.testng.reporters.JUnitXMLReporter -->
<testsuite ignored="6" hostname="LAPTOP-OHJTUH5R" failures="0" tests="3" name="smokeTesting" time="0.189" errors="0" timestamp="2023-11-14T11:18:40 IST">
  <testcase classname="TestScenario.Sample1" name="openapp" time="0.019"/>
  <testcase classname="TestScenario.Sample2" name="opentheAccountPage" time="0.003"/>
  <testcase classname="TestScenario.Sample2" name="Logout" time="0.004"/>
  <testcase classname="TestScenario.Sample1" name="loginWithInvalidData" time="0.0">
    <ignored/>
  </testcase> <!-- loginWithInvalidData -->
  <testcase classname="TestScenario.Sample2" name="Accounts" time="0.0">
    <ignored/>
  </testcase> <!-- Accounts -->
  <testcase classname="TestScenario.Sample1" name="loginWithWrongPassword" time="0.0">
    <ignored/>
  </testcase> <!-- loginWithWrongPassword -->
  <testcase classname="TestScenario.Sample2" name="createAccounts" time="0.0">
    <ignored/>
  </testcase> <!-- createAccounts -->
  <testcase classname="TestScenario.Sample2" name="login" time="0.0">
    <ignored/>
  </testcase> <!-- login -->
  <testcase classname="TestScenario.Sample1" name="loginSample1" time="0.0">
    <ignored/>
  </testcase> <!-- loginSample1 -->
</testsuite> <!-- smokeTesting -->
