<?xml version="1.0" encoding="UTF-8"?>
<!-- Generated by org.testng.reporters.JUnitXMLReporter -->
<testsuite ignored="3" hostname="LAPTOP-OHJTUH5R" failures="0" tests="4" name="POMFramework" time="133.818" errors="0" timestamp="2023-11-16T15:49:00 IST">
  <testcase classname="com.ninjademo.qa.TestPages.HomePageTest" name="clickOnRegisterPage" time="7.426"/>
  <testcase classname="com.ninjademo.qa.TestPages.HomePageTest" name="clickOnLogin" time="14.1"/>
  <testcase classname="com.ninjademo.qa.TestPages.TestRegisterPage" name="RegisterUser" time="11.057"/>
  <testcase classname="com.ninjademo.qa.TestPages.TestRegisterPage" name="RegisterUser" time="26.926"/>
  <testcase classname="com.ninjademo.qa.Base.TestBase" name="@BeforeSuite InitalizeExtentReport" time="0.0">
    <ignored/>
  </testcase> <!-- @BeforeSuite InitalizeExtentReport -->
  <testcase classname="com.ninjademo.qa.Base.TestBase" name="@AfterSuite generateReports" time="0.0">
    <ignored/>
  </testcase> <!-- @AfterSuite generateReports -->
  <testcase classname="com.ninjademo.qa.Base.TestBase" name="@BeforeTest getnameMethod" time="0.0">
    <ignored/>
  </testcase> <!-- @BeforeTest getnameMethod -->
</testsuite> <!-- POMFramework -->
