<?xml version="1.0" encoding="UTF-8"?>
<testng-results ignored="0" total="1" passed="1" failed="0" skipped="0">
  <reporter-output>
  </reporter-output>
  <suite started-at="2023-11-18T16:23:12 IST" name="Default suite" finished-at="2023-11-18T16:23:21 IST" duration-ms="8935">
    <groups>
    </groups>
    <test started-at="2023-11-18T16:23:12 IST" name="Default test" finished-at="2023-11-18T16:23:21 IST" duration-ms="8935">
      <class name="com.app.SeleniumGridDemo.GridStandalone">
        <test-method signature="GridDemo1()[pri:0, instance:com.app.SeleniumGridDemo.GridStandalone@53fe15ff]" started-at="2023-11-18T16:23:12 IST" name="GridDemo1" finished-at="2023-11-18T16:23:21 IST" duration-ms="8852" status="PASS">
          <reporter-output>
          </reporter-output>
        </test-method> <!-- GridDemo1 -->
      </class> <!-- com.app.SeleniumGridDemo.GridStandalone -->
    </test> <!-- Default test -->
  </suite> <!-- Default suite -->
</testng-results>
