<?xml version="1.0" encoding="UTF-8"?>
<!-- Generated by org.testng.reporters.JUnitXMLReporter -->
<testsuite ignored="1" hostname="LAPTOP-OHJTUH5R" failures="0" tests="1" name="Default test" time="5.34" errors="0" timestamp="2023-12-19T15:21:08 IST">
  <testcase classname="courseEndProject.Assignment005_006" name="assignment006Logout" time="5.267"/>
  <testcase classname="courseEndProject.Assignment005_006" name="assignment005FindByStatus" time="0.0">
    <ignored/>
  </testcase> <!-- assignment005FindByStatus -->
</testsuite> <!-- Default test -->
