<?xml version="1.0" encoding="UTF-8"?>
<!-- Generated by org.testng.reporters.JUnitXMLReporter -->
<testsuite ignored="2" hostname="LAPTOP-OHJTUH5R" failures="0" tests="1" name="Test facebookpage" time="6.912" errors="0" timestamp="2023-11-15T09:26:34 IST">
  <testcase classname="com.app.TestNG.extendreports.TestClass" name="method2" time="4.633"/>
  <testcase classname="com.app.TestNG.extendreports.TestClass" name="method1" time="0.0">
    <ignored/>
  </testcase> <!-- method1 -->
  <testcase classname="com.app.TestNG.extendreports.TestClass" name="method3" time="0.0">
    <ignored/>
  </testcase> <!-- method3 -->
</testsuite> <!-- Test facebookpage -->
