<?xml version="1.0" encoding="UTF-8"?>
<!-- Generated by org.testng.reporters.JUnitXMLReporter -->
<testsuite ignored="1" hostname="LAPTOP-OHJTUH5R" failures="0" tests="1" name="Testfacebook" time="7.693" errors="0" timestamp="2023-11-14T14:15:09 IST">
  <testcase classname="com.app.TestNG.extendreports.TestClass" name="method2" time="5.003"/>
  <testcase classname="com.app.TestNG.extendreports.TestClass" name="method1" time="0.0">
    <ignored/>
  </testcase> <!-- method1 -->
</testsuite> <!-- Testfacebook -->
