<?xml version="1.0" encoding="UTF-8"?>
<!-- Generated by org.testng.reporters.JUnitXMLReporter -->
<testsuite ignored="0" hostname="LAPTOP-OHJTUH5R" failures="0" tests="5" name="TestCycle3" time="34.494" errors="0" timestamp="2023-11-13T13:26:32 IST">
  <testcase classname="com.app.TestNGScripts.TestAnnotation" name="LoginWithValidCredentials" time="7.635"/>
  <testcase classname="com.app.TestNGScripts.TestAnnotation" name="OpenDemoStore" time="4.308"/>
  <testcase classname="com.app.TestNGScripts.TestAnnotation" name="logoutFromApplication" time="7.458"/>
  <testcase classname="com.app.TestNGScripts.BeforeAfterMethodAnnotation" name="LoginWiethValidCredentials" time="2.613"/>
  <testcase classname="com.app.TestNGScripts.BeforeAfterMethodAnnotation" name="logoutFromApplication" time="2.847"/>
</testsuite> <!-- TestCycle3 -->
