<?xml version="1.0" encoding="UTF-8"?>
<!-- Generated by org.testng.reporters.JUnitXMLReporter -->
<testsuite ignored="0" hostname="LAPTOP-OHJTUH5R" failures="0" tests="5" name="TestCycle2" time="36.203" errors="0" timestamp="2023-11-13T13:25:57 IST">
  <testcase classname="com.app.TestNGScripts.TestAnnotation" name="LoginWithValidCredentials" time="7.746"/>
  <testcase classname="com.app.TestNGScripts.TestAnnotation" name="OpenDemoStore" time="4.922"/>
  <testcase classname="com.app.TestNGScripts.TestAnnotation" name="logoutFromApplication" time="8.039"/>
  <testcase classname="com.app.TestNGScripts.BeforeAfterMethodAnnotation" name="LoginWiethValidCredentials" time="2.263"/>
  <testcase classname="com.app.TestNGScripts.BeforeAfterMethodAnnotation" name="logoutFromApplication" time="3.377"/>
</testsuite> <!-- TestCycle2 -->
