<?xml version="1.0" encoding="UTF-8"?>
<!-- Generated by org.testng.reporters.JUnitXMLReporter -->
<testsuite ignored="3" hostname="LAPTOP-OHJTUH5R" failures="0" tests="2" name="TestCycle1" time="15.893" errors="0" timestamp="2023-11-13T13:34:56 IST">
  <testcase classname="com.app.TestNGScripts.TestAnnotation" name="LoginWithValidCredentials" time="8.63"/>
  <testcase classname="com.app.TestNGScripts.BeforeAfterMethodAnnotation" name="logoutFromApplication" time="2.698"/>
  <testcase classname="com.app.TestNGScripts.TestAnnotation" name="logoutFromApplication" time="0.0">
    <ignored/>
  </testcase> <!-- logoutFromApplication -->
  <testcase classname="com.app.TestNGScripts.TestAnnotation" name="OpenDemoStore" time="0.0">
    <ignored/>
  </testcase> <!-- OpenDemoStore -->
  <testcase classname="com.app.TestNGScripts.BeforeAfterMethodAnnotation" name="LoginWiethValidCredentials" time="0.0">
    <ignored/>
  </testcase> <!-- LoginWiethValidCredentials -->
</testsuite> <!-- TestCycle1 -->
