<?xml version="1.0" encoding="UTF-8"?>
<testng-results ignored="1" total="2" passed="1" failed="0" skipped="0">
  <reporter-output>
  </reporter-output>
  <suite started-at="2023-12-19T15:21:03 IST" name="Default suite" finished-at="2023-12-19T15:21:08 IST" duration-ms="5340">
    <groups>
    </groups>
    <test started-at="2023-12-19T15:21:03 IST" name="Default test" finished-at="2023-12-19T15:21:08 IST" duration-ms="5340">
      <class name="courseEndProject.Assignment005_006">
        <test-method signature="assignment006Logout()[pri:50, instance:courseEndProject.Assignment005_006@5a56cdac]" started-at="2023-12-19T15:21:03 IST" name="assignment006Logout" finished-at="2023-12-19T15:21:08 IST" duration-ms="5267" status="PASS">
          <reporter-output>
          </reporter-output>
        </test-method> <!-- assignment006Logout -->
      </class> <!-- courseEndProject.Assignment005_006 -->
    </test> <!-- Default test -->
  </suite> <!-- Default suite -->
</testng-results>
