<?xml version="1.0" encoding="UTF-8"?>
<!-- Generated by org.testng.reporters.JUnitXMLReporter -->
<testsuite ignored="3" hostname="LAPTOP-OHJTUH5R" failures="1" tests="3" name="POMFramework" time="109.288" errors="0" timestamp="2023-11-16T15:30:34 IST">
  <testcase classname="com.ninjademo.qa.TestPages.HomePageTest" name="clickOnRegisterPage" time="7.37"/>
  <testcase classname="com.ninjademo.qa.TestPages.HomePageTest" name="clickOnLogin" time="50.311"/>
  <testcase classname="com.ninjademo.qa.TestPages.TestRegisterPage" name="RegisterUser" time="0.0">
    <failure type="java.lang.RuntimeException" message="java.io.FileNotFoundException: C:\Users\user\OneDrive\Desktop\mytestdata\Register_ninja.xlsx (The process cannot access the file because it is being used by another process)">
      <![CDATA[java.lang.RuntimeException: java.io.FileNotFoundException: C:\Users\user\OneDrive\Desktop\mytestdata\Register_ninja.xlsx (The process cannot access the file because it is being used by another process)
at java.base/java.util.ArrayList.forEach(ArrayList.java:1511)
Caused by: java.io.FileNotFoundException: C:\Users\user\OneDrive\Desktop\mytestdata\Register_ninja.xlsx (The process cannot access the file because it is being used by another process)
at java.base/java.io.FileInputStream.open0(Native Method)
at java.base/java.io.FileInputStream.open(FileInputStream.java:216)
at java.base/java.io.FileInputStream.<init>(FileInputStream.java:157)
at java.base/java.io.FileInputStream.<init>(FileInputStream.java:111)
at com.ninjademo.qa.Utilities.Xls_DataProvider.getTestData(Xls_DataProvider.java:20)
at com.ninjademo.qa.TestPages.TestRegisterPage.datasupplier(TestRegisterPage.java:41)
... 25 more
... Removed 32 stack frames]]>
    </failure>
  </testcase> <!-- RegisterUser -->
  <testcase classname="com.ninjademo.qa.Base.TestBase" name="@BeforeSuite InitalizeExtentReport" time="0.0">
    <ignored/>
  </testcase> <!-- @BeforeSuite InitalizeExtentReport -->
  <testcase classname="com.ninjademo.qa.Base.TestBase" name="@BeforeTest getnameMethod" time="0.0">
    <ignored/>
  </testcase> <!-- @BeforeTest getnameMethod -->
  <testcase classname="com.ninjademo.qa.Base.TestBase" name="@AfterSuite generateReports" time="0.0">
    <ignored/>
  </testcase> <!-- @AfterSuite generateReports -->
</testsuite> <!-- POMFramework -->
